#
# There is insufficient memory for the Java Runtime Environment to continue.
# Native memory allocation (malloc) failed to allocate 1048576 bytes. Error detail: AllocateHeap
# Possible reasons:
#   The system is out of physical RAM or swap space
#   This process is running with CompressedOops enabled, and the Java Heap may be blocking the growth of the native heap
# Possible solutions:
#   Reduce memory load on the system
#   Increase physical memory or swap space
#   Check if swap backing store is full
#   Decrease Java heap size (-Xmx/-Xms)
#   Decrease number of Java threads
#   Decrease Java thread stack sizes (-Xss)
#   Set larger code cache with -XX:ReservedCodeCacheSize=
#   JVM is running with Unscaled Compressed Oops mode in which the Java heap is
#     placed in the first 4GB address space. The Java Heap base address is the
#     maximum limit for the native heap growth. Please use -XX:HeapBaseMinAddress
#     to set the Java Heap base and to place the Java Heap above 4GB virtual address.
# This output file may be truncated or incomplete.
#
#  Out of Memory Error (allocation.cpp:44), pid=17000, tid=17732
#
# JRE version: OpenJDK Runtime Environment Temurin-21.0.10+7 (21.0.10+7) (build 21.0.10+7-LTS)
# Java VM: OpenJDK 64-Bit Server VM Temurin-21.0.10+7 (21.0.10+7-LTS, mixed mode, sharing, tiered, compressed oops, compressed class ptrs, parallel gc, windows-amd64)
# No core dump will be written. Minidumps are not enabled by default on client versions of Windows
#

---------------  S U M M A R Y ------------

Command Line: --add-modules=ALL-SYSTEM --add-opens=java.base/java.util=ALL-UNNAMED --add-opens=java.base/java.lang=ALL-UNNAMED --add-opens=java.base/sun.nio.fs=ALL-UNNAMED -Declipse.application=org.eclipse.jdt.ls.core.id1 -Dosgi.bundles.defaultStartLevel=4 -Declipse.product=org.eclipse.jdt.ls.core.product -Djava.import.generatesMetadataFilesAtProjectRoot=false -DDetectVMInstallationsJob.disabled=true -Dfile.encoding=utf8 -XX:+UseParallelGC -XX:GCTimeRatio=4 -XX:AdaptiveSizePolicyWeight=90 -Dsun.zip.disableMemoryMapping=true -Xmx2G -Xms100m -Xlog:disable -javaagent:c:\Users\caua.cm\.antigravity-ide\extensions\redhat.java-1.54.0-win32-x64\lombok\lombok-1.18.39-4050.jar -XX:+HeapDumpOnOutOfMemoryError -XX:HeapDumpPath=c:\Users\caua.cm\AppData\Roaming\Antigravity IDE\User\workspaceStorage\289f861fa1f78300e97b1f2a394b50df\redhat.java -Daether.dependencyCollector.impl=bf c:\Users\caua.cm\.antigravity-ide\extensions\redhat.java-1.54.0-win32-x64\server\plugins\org.eclipse.equinox.launcher_1.7.100.v20251111-0406.jar -configuration c:\Users\caua.cm\AppData\Roaming\Antigravity IDE\User\globalStorage\redhat.java\1.54.0\config_win -data c:\Users\caua.cm\AppData\Roaming\Antigravity IDE\User\workspaceStorage\289f861fa1f78300e97b1f2a394b50df\redhat.java\jdt_ws --pipe=\\.\pipe\lsp-03f784e58d7ba0afa43855bb527847c9-sock

Host: 12th Gen Intel(R) Core(TM) i5-12400T, 12 cores, 15G,  Windows 11 , 64 bit Build 26100 (10.0.26100.8328)
Time: Thu May 21 16:40:55 2026 Hora oficial do Brasil elapsed time: 5933.945824 seconds (0d 1h 38m 53s)

---------------  T H R E A D  ---------------

Current thread (0x0000017d96df4310):  JavaThread "Attach Listener" daemon [_thread_in_vm, id=17732, stack(0x00000040f6c00000,0x00000040f6d00000) (1024K)]

Stack: [0x00000040f6c00000,0x00000040f6d00000]
Native frames: (J=compiled Java code, j=interpreted, Vv=VM code, C=native code)
V  [jvm.dll+0x6d7a39]
V  [jvm.dll+0x8b4b26]
V  [jvm.dll+0x8b70de]
V  [jvm.dll+0x8b77c3]
V  [jvm.dll+0x284346]
V  [jvm.dll+0xc1277]
V  [jvm.dll+0x6d82e9]
V  [jvm.dll+0x1334a6]
V  [jvm.dll+0x3f857e]
V  [jvm.dll+0x85f59d]
V  [jvm.dll+0x6d626d]
C  [ucrtbase.dll+0x37b0]
C  [KERNEL32.DLL+0x2e957]
C  [ntdll.dll+0x427c]


---------------  P R O C E S S  ---------------

Threads class SMR info:
_java_thread_list=0x0000017de2b155e0, length=39, elements={
0x0000017dffcdce90, 0x0000017d96deb1e0, 0x0000017d96debe40, 0x0000017d96df34d0,
0x0000017d96df4310, 0x0000017d96df9440, 0x0000017d96dfa7f0, 0x0000017dd935acd0,
0x0000017dd935bb20, 0x0000017d96df8090, 0x0000017d96df7a00, 0x0000017dda90e390,
0x0000017dda90c950, 0x0000017dda90af10, 0x0000017dda90ea20, 0x0000017dda90b5a0,
0x0000017dda90fdd0, 0x0000017dda910460, 0x0000017dda912530, 0x0000017dda911810,
0x0000017de1810d60, 0x0000017de1812e30, 0x0000017de18113f0, 0x0000017de1812110,
0x0000017de180f9b0, 0x0000017de1811a80, 0x0000017de1810040, 0x0000017de18106d0,
0x0000017de13c9ce0, 0x0000017de13c7c10, 0x0000017de13ca370, 0x0000017de13c6ef0,
0x0000017de13caa00, 0x0000017de13c8930, 0x0000017de13c8fc0, 0x0000017de13c7580,
0x0000017de43ba360, 0x0000017ddf3c7bf0, 0x0000017de266e7f0
}

Java Threads: ( => current thread )
  0x0000017dffcdce90 JavaThread "main"                              [_thread_blocked, id=18440, stack(0x00000040f6500000,0x00000040f6600000) (1024K)]
  0x0000017d96deb1e0 JavaThread "Reference Handler"          daemon [_thread_blocked, id=18048, stack(0x00000040f6900000,0x00000040f6a00000) (1024K)]
  0x0000017d96debe40 JavaThread "Finalizer"                  daemon [_thread_blocked, id=19608, stack(0x00000040f6a00000,0x00000040f6b00000) (1024K)]
  0x0000017d96df34d0 JavaThread "Signal Dispatcher"          daemon [_thread_blocked, id=11668, stack(0x00000040f6b00000,0x00000040f6c00000) (1024K)]
=>0x0000017d96df4310 JavaThread "Attach Listener"            daemon [_thread_in_vm, id=17732, stack(0x00000040f6c00000,0x00000040f6d00000) (1024K)]
  0x0000017d96df9440 JavaThread "Service Thread"             daemon [_thread_blocked, id=19496, stack(0x00000040f6d00000,0x00000040f6e00000) (1024K)]
  0x0000017d96dfa7f0 JavaThread "Monitor Deflation Thread"   daemon [_thread_blocked, id=24512, stack(0x00000040f6e00000,0x00000040f6f00000) (1024K)]
  0x0000017dd935acd0 JavaThread "C2 CompilerThread0"         daemon [_thread_blocked, id=3916, stack(0x00000040f6f00000,0x00000040f7000000) (1024K)]
  0x0000017dd935bb20 JavaThread "C1 CompilerThread0"         daemon [_thread_blocked, id=1200, stack(0x00000040f7000000,0x00000040f7100000) (1024K)]
  0x0000017d96df8090 JavaThread "Common-Cleaner"             daemon [_thread_blocked, id=15524, stack(0x00000040f7200000,0x00000040f7300000) (1024K)]
  0x0000017d96df7a00 JavaThread "Notification Thread"        daemon [_thread_blocked, id=18700, stack(0x00000040f7300000,0x00000040f7400000) (1024K)]
  0x0000017dda90e390 JavaThread "Active Thread: Equinox Container: 5bf5c9dd-94f4-496c-8a14-eaadc74d0057"        [_thread_blocked, id=17640, stack(0x00000040f8100000,0x00000040f8200000) (1024K)]
  0x0000017dda90c950 JavaThread "Framework Event Dispatcher: Equinox Container: 5bf5c9dd-94f4-496c-8a14-eaadc74d0057" daemon [_thread_blocked, id=6096, stack(0x00000040f7100000,0x00000040f7200000) (1024K)]
  0x0000017dda90af10 JavaThread "Start Level: Equinox Container: 5bf5c9dd-94f4-496c-8a14-eaadc74d0057" daemon [_thread_blocked, id=23660, stack(0x00000040f7a00000,0x00000040f7b00000) (1024K)]
  0x0000017dda90ea20 JavaThread "Bundle File Closer"         daemon [_thread_blocked, id=13088, stack(0x00000040f8500000,0x00000040f8600000) (1024K)]
  0x0000017dda90b5a0 JavaThread "Refresh Thread: Equinox Container: 5bf5c9dd-94f4-496c-8a14-eaadc74d0057" daemon [_thread_blocked, id=10584, stack(0x00000040f8600000,0x00000040f8700000) (1024K)]
  0x0000017dda90fdd0 JavaThread "SCR Component Actor"        daemon [_thread_blocked, id=11208, stack(0x00000040f8f00000,0x00000040f9000000) (1024K)]
  0x0000017dda910460 JavaThread "Worker-JM"                         [_thread_blocked, id=25432, stack(0x00000040f9000000,0x00000040f9100000) (1024K)]
  0x0000017dda912530 JavaThread "Java indexing"              daemon [_thread_blocked, id=3104, stack(0x00000040f9300000,0x00000040f9400000) (1024K)]
  0x0000017dda911810 JavaThread "JNA Cleaner"                daemon [_thread_blocked, id=1440, stack(0x00000040f9400000,0x00000040f9500000) (1024K)]
  0x0000017de1810d60 JavaThread "Thread-1"                   daemon [_thread_in_native, id=23796, stack(0x00000040f9a00000,0x00000040f9b00000) (1024K)]
  0x0000017de1812e30 JavaThread "Thread-2"                   daemon [_thread_in_native, id=19236, stack(0x00000040f9b00000,0x00000040f9c00000) (1024K)]
  0x0000017de18113f0 JavaThread "Thread-3"                   daemon [_thread_in_native, id=9444, stack(0x00000040f9c00000,0x00000040f9d00000) (1024K)]
  0x0000017de1812110 JavaThread "Thread-4"                   daemon [_thread_in_native, id=19696, stack(0x00000040f9d00000,0x00000040f9e00000) (1024K)]
  0x0000017de180f9b0 JavaThread "Thread-5"                   daemon [_thread_in_native, id=5916, stack(0x00000040f9e00000,0x00000040f9f00000) (1024K)]
  0x0000017de1811a80 JavaThread "Thread-6"                   daemon [_thread_in_native, id=16508, stack(0x00000040f9f00000,0x00000040fa000000) (1024K)]
  0x0000017de1810040 JavaThread "Thread-7"                   daemon [_thread_in_native, id=23256, stack(0x00000040fa000000,0x00000040fa100000) (1024K)]
  0x0000017de18106d0 JavaThread "Thread-8"                   daemon [_thread_in_native, id=9568, stack(0x00000040fa100000,0x00000040fa200000) (1024K)]
  0x0000017de13c9ce0 JavaThread "Thread-9"                   daemon [_thread_in_native, id=19228, stack(0x00000040fa200000,0x00000040fa300000) (1024K)]
  0x0000017de13c7c10 JavaThread "Thread-10"                  daemon [_thread_in_native, id=1360, stack(0x00000040fa300000,0x00000040fa400000) (1024K)]
  0x0000017de13ca370 JavaThread "Thread-11"                  daemon [_thread_in_native, id=19948, stack(0x00000040fa400000,0x00000040fa500000) (1024K)]
  0x0000017de13c6ef0 JavaThread "Thread-12"                  daemon [_thread_in_native, id=3744, stack(0x00000040fa500000,0x00000040fa600000) (1024K)]
  0x0000017de13caa00 JavaThread "Thread-13"                  daemon [_thread_in_native, id=22524, stack(0x00000040fa600000,0x00000040fa700000) (1024K)]
  0x0000017de13c8930 JavaThread "pool-2-thread-1"                   [_thread_blocked, id=23492, stack(0x00000040fa700000,0x00000040fa800000) (1024K)]
  0x0000017de13c8fc0 JavaThread "WorkspaceEventsHandler"            [_thread_blocked, id=17260, stack(0x00000040fa900000,0x00000040faa00000) (1024K)]
  0x0000017de13c7580 JavaThread "pool-1-thread-1"                   [_thread_blocked, id=13996, stack(0x00000040faa00000,0x00000040fab00000) (1024K)]
  0x0000017de43ba360 JavaThread "Cleaner-0"                  daemon [_thread_blocked, id=11412, stack(0x0000004080800000,0x0000004080900000) (1024K)]
  0x0000017ddf3c7bf0 JavaThread "Worker-13"                         [_thread_blocked, id=2884, stack(0x0000004080200000,0x0000004080300000) (1024K)]
  0x0000017de266e7f0 JavaThread "Worker-15"                         [_thread_blocked, id=1244, stack(0x0000004080a00000,0x0000004080b00000) (1024K)]
Total: 39

Other Threads:
  0x0000017d96de4140 VMThread "VM Thread"                           [id=6044, stack(0x00000040f6800000,0x00000040f6900000) (1024K)]
  0x0000017d96cdca00 WatcherThread "VM Periodic Task Thread"        [id=22204, stack(0x00000040f6700000,0x00000040f6800000) (1024K)]
  0x0000017dffcf4e40 WorkerThread "GC Thread#0"                     [id=5612, stack(0x00000040f6600000,0x00000040f6700000) (1024K)]
  0x0000017dda40b5c0 WorkerThread "GC Thread#1"                     [id=10332, stack(0x00000040f7400000,0x00000040f7500000) (1024K)]
  0x0000017dda7358f0 WorkerThread "GC Thread#2"                     [id=12832, stack(0x00000040f7500000,0x00000040f7600000) (1024K)]
  0x0000017dda735ca0 WorkerThread "GC Thread#3"                     [id=21024, stack(0x00000040f7600000,0x00000040f7700000) (1024K)]
  0x0000017dda736050 WorkerThread "GC Thread#4"                     [id=4440, stack(0x00000040f7700000,0x00000040f7800000) (1024K)]
  0x0000017dda736400 WorkerThread "GC Thread#5"                     [id=19492, stack(0x00000040f7800000,0x00000040f7900000) (1024K)]
  0x0000017dd96df140 WorkerThread "GC Thread#6"                     [id=17884, stack(0x00000040f7900000,0x00000040f7a00000) (1024K)]
  0x0000017dda85d690 WorkerThread "GC Thread#7"                     [id=19528, stack(0x00000040f8200000,0x00000040f8300000) (1024K)]
  0x0000017ddfd20440 WorkerThread "GC Thread#8"                     [id=6696, stack(0x00000040f8d00000,0x00000040f8e00000) (1024K)]
  0x0000017ddf8147f0 WorkerThread "GC Thread#9"                     [id=20552, stack(0x00000040f8e00000,0x00000040f8f00000) (1024K)]
Total: 12

Threads with active compile tasks:
Total: 0

VM state: not at safepoint (normal execution)

VM Mutex/Monitor currently owned by a thread: None

Heap address: 0x0000000080000000, size: 2048 MB, Compressed Oops mode: 32-bit

CDS archive(s) mapped at: [0x0000017d97000000-0x0000017d97ba0000-0x0000017d97ba0000), size 12189696, SharedBaseAddress: 0x0000017d97000000, ArchiveRelocationMode: 1.
Compressed class space mapped at: 0x0000017d98000000-0x0000017dd8000000, reserved size: 1073741824
Narrow klass base: 0x0000017d97000000, Narrow klass shift: 0, Narrow klass range: 0x100000000

GC Precious Log:
 CardTable entry size: 512
 CPUs: 12 total, 12 available
 Memory: 15708M
 Large Page Support: Disabled
 NUMA Support: Disabled
 Compressed Oops: Enabled (32-bit)
 Alignments: Space 512K, Generation 512K, Heap 2M
 Heap Min Capacity: 100M
 Heap Initial Capacity: 100M
 Heap Max Capacity: 2G
 Pre-touch: Disabled
 Parallel Workers: 10

Heap:
 PSYoungGen      total 6656K, used 3013K [0x00000000d5580000, 0x00000000d5d00000, 0x0000000100000000)
  eden space 5632K, 47% used [0x00000000d5580000,0x00000000d58197e0,0x00000000d5b00000)
  from space 1024K, 34% used [0x00000000d5b00000,0x00000000d5b58000,0x00000000d5c00000)
  to   space 512K, 0% used [0x00000000d5c80000,0x00000000d5c80000,0x00000000d5d00000)
 ParOldGen       total 764416K, used 154553K [0x0000000080000000, 0x00000000aea80000, 0x00000000d5580000)
  object space 764416K, 20% used [0x0000000080000000,0x00000000896ee568,0x00000000aea80000)
 Metaspace       used 114052K, committed 117568K, reserved 1179648K
  class space    used 11491K, committed 12864K, reserved 1048576K

Card table byte_map: [0x0000017d92140000,0x0000017d92550000] _byte_map_base: 0x0000017d91d40000

Marking Bits: (ParMarkBitMap*) 0x00007ffb6bd33450
 Begin Bits: [0x0000017d92800000, 0x0000017d94800000)
 End Bits:   [0x0000017d94800000, 0x0000017d96800000)

Polling page: 0x0000017dfe310000

Metaspace:

Usage:
  Non-class:    100.16 MB used.
      Class:     11.22 MB used.
       Both:    111.38 MB used.

Virtual space:
  Non-class space:      128.00 MB reserved,     102.25 MB ( 80%) committed,  2 nodes.
      Class space:        1.00 GB reserved,      12.56 MB (  1%) committed,  1 nodes.
             Both:        1.12 GB reserved,     114.81 MB ( 10%) committed. 

Chunk freelists:
   Non-Class:  10.63 MB
       Class:  3.70 MB
        Both:  14.34 MB

MaxMetaspaceSize: unlimited
CompressedClassSpaceSize: 1.00 GB
Initial GC threshold: 21.00 MB
Current GC threshold: 191.38 MB
CDS: on
 - commit_granule_bytes: 65536.
 - commit_granule_words: 8192.
 - virtual_space_node_default_size: 8388608.
 - enlarge_chunks_in_place: 1.
 - use_allocation_guard: 0.


Internal statistics:

num_allocs_failed_limit: 9.
num_arena_births: 2152.
num_arena_deaths: 556.
num_vsnodes_births: 3.
num_vsnodes_deaths: 0.
num_space_committed: 1889.
num_space_uncommitted: 16.
num_chunks_returned_to_freelist: 838.
num_chunks_taken_from_freelist: 7811.
num_chunk_merges: 253.
num_chunk_splits: 4910.
num_chunks_enlarged: 2973.
num_inconsistent_stats: 0.

CodeHeap 'non-profiled nmethods': size=120000Kb used=25052Kb max_used=25704Kb free=94947Kb
 bounds [0x0000017d8ac10000, 0x0000017d8c530000, 0x0000017d92140000]
CodeHeap 'profiled nmethods': size=120000Kb used=44672Kb max_used=48977Kb free=75327Kb
 bounds [0x0000017d83140000, 0x0000017d86140000, 0x0000017d8a670000]
CodeHeap 'non-nmethods': size=5760Kb used=1555Kb max_used=1628Kb free=4204Kb
 bounds [0x0000017d8a670000, 0x0000017d8a8e0000, 0x0000017d8ac10000]
CodeCache: size=245760Kb, used=71279Kb, max_used=76309Kb, free=174478Kb
 total_blobs=20488, nmethods=19606, adapters=782, full_count=0
Compilation: enabled, stopped_count=0, restarted_count=0

Compilation events (20 events):
Event: 4510.997 Thread 0x0000017de2f5dca0 nmethod 36257 0x0000017d8b1db710 code [0x0000017d8b1db8a0, 0x0000017d8b1dbb28]
Event: 4510.997 Thread 0x0000017dd935bb20 nmethod 36254 0x0000017d854f0890 code [0x0000017d854f0a60, 0x0000017d854f0d70]
Event: 4511.098 Thread 0x0000017dd935bb20 36261       1       org.eclipse.core.internal.events.InternalBuilder::getLastBuiltTree (5 bytes)
Event: 4511.098 Thread 0x0000017dd935bb20 nmethod 36261 0x0000017d8b989910 code [0x0000017d8b989aa0, 0x0000017d8b989b68]
Event: 4662.694 Thread 0x0000017dd935acd0 36262       4       org.eclipse.core.internal.jobs.OrderedLock::isConflicting (9 bytes)
Event: 4662.694 Thread 0x0000017dd935acd0 nmethod 36262 0x0000017d8beffa10 code [0x0000017d8beffba0, 0x0000017d8beffc30]
Event: 4824.637 Thread 0x0000017dd935acd0 36263       4       java.util.concurrent.TimeUnit::convert (73 bytes)
Event: 4824.642 Thread 0x0000017dd935acd0 nmethod 36263 0x0000017d8b310e90 code [0x0000017d8b311040, 0x0000017d8b3111d0]
Event: 5024.748 Thread 0x0000017dd935acd0 36264   !   4       java.util.concurrent.locks.AbstractQueuedSynchronizer::tryInitializeHead (66 bytes)
Event: 5024.754 Thread 0x0000017dd935acd0 nmethod 36264 0x0000017d8b6d2010 code [0x0000017d8b6d21a0, 0x0000017d8b6d2370]
Event: 5598.756 Thread 0x0000017dd935bb20 36265       3       java.util.logging.LogManager::getLogManager (16 bytes)
Event: 5598.758 Thread 0x0000017dd935bb20 nmethod 36265 0x0000017d8475bb10 code [0x0000017d8475bcc0, 0x0000017d8475be00]
Event: 5658.764 Thread 0x0000017dd935bb20 36266       3       jdk.internal.logger.DefaultLoggerFinder::isSystem (18 bytes)
Event: 5658.765 Thread 0x0000017dd935bb20 nmethod 36266 0x0000017d83864d90 code [0x0000017d83864fe0, 0x0000017d838658f0]
Event: 5658.765 Thread 0x0000017dd935bb20 36267       3       jdk.internal.logger.DefaultLoggerFinder$1::<init> (10 bytes)
Event: 5658.765 Thread 0x0000017dd935bb20 nmethod 36267 0x0000017d84131490 code [0x0000017d84131640, 0x0000017d841317c8]
Event: 5748.795 Thread 0x0000017dd935bb20 36268   !   3       java.util.logging.LogManager$LoggerContext::findLogger (113 bytes)
Event: 5748.804 Thread 0x0000017dd935bb20 nmethod 36268 0x0000017d83e75d90 code [0x0000017d83e76040, 0x0000017d83e76fa0]
Event: 5928.855 Thread 0x0000017dd935bb20 36269       3       java.lang.ClassLoader::getPlatformClassLoader (21 bytes)
Event: 5928.855 Thread 0x0000017dd935bb20 nmethod 36269 0x0000017d83bc0c10 code [0x0000017d83bc0de0, 0x0000017d83bc1070]

GC Heap History (20 events):
Event: 4214.779 GC heap before
{Heap before GC invocations=4403 (full 8):
 PSYoungGen      total 9728K, used 9676K [0x00000000d5580000, 0x00000000d6480000, 0x0000000100000000)
  eden space 5632K, 99% used [0x00000000d5580000,0x00000000d5afdb30,0x00000000d5b00000)
  from space 4096K, 98% used [0x00000000d5f80000,0x00000000d6375860,0x00000000d6380000)
  to   space 4608K, 0% used [0x00000000d5b00000,0x00000000d5b00000,0x00000000d5f80000)
 ParOldGen       total 755200K, used 754693K [0x0000000080000000, 0x00000000ae180000, 0x00000000d5580000)
  object space 755200K, 99% used [0x0000000080000000,0x00000000ae101740,0x00000000ae180000)
 Metaspace       used 118413K, committed 120832K, reserved 1179648K
  class space    used 11967K, committed 13056K, reserved 1048576K
}
Event: 4214.782 GC heap after
{Heap after GC invocations=4403 (full 8):
 PSYoungGen      total 7168K, used 1533K [0x00000000d5580000, 0x00000000d6000000, 0x0000000100000000)
  eden space 5632K, 0% used [0x00000000d5580000,0x00000000d5580000,0x00000000d5b00000)
  from space 1536K, 99% used [0x00000000d5b00000,0x00000000d5c7f588,0x00000000d5c80000)
  to   space 2560K, 0% used [0x00000000d5d80000,0x00000000d5d80000,0x00000000d6000000)
 ParOldGen       total 758784K, used 758648K [0x0000000080000000, 0x00000000ae500000, 0x00000000d5580000)
  object space 758784K, 99% used [0x0000000080000000,0x00000000ae4de038,0x00000000ae500000)
 Metaspace       used 118413K, committed 120832K, reserved 1179648K
  class space    used 11967K, committed 13056K, reserved 1048576K
}
Event: 4214.798 GC heap before
{Heap before GC invocations=4404 (full 8):
 PSYoungGen      total 7168K, used 7165K [0x00000000d5580000, 0x00000000d6000000, 0x0000000100000000)
  eden space 5632K, 99% used [0x00000000d5580000,0x00000000d5affff0,0x00000000d5b00000)
  from space 1536K, 99% used [0x00000000d5b00000,0x00000000d5c7f588,0x00000000d5c80000)
  to   space 2560K, 0% used [0x00000000d5d80000,0x00000000d5d80000,0x00000000d6000000)
 ParOldGen       total 758784K, used 758648K [0x0000000080000000, 0x00000000ae500000, 0x00000000d5580000)
  object space 758784K, 99% used [0x0000000080000000,0x00000000ae4de038,0x00000000ae500000)
 Metaspace       used 118413K, committed 120832K, reserved 1179648K
  class space    used 11967K, committed 13056K, reserved 1048576K
}
Event: 4214.800 GC heap after
{Heap after GC invocations=4404 (full 8):
 PSYoungGen      total 7168K, used 1216K [0x00000000d5580000, 0x00000000d5f00000, 0x0000000100000000)
  eden space 5632K, 0% used [0x00000000d5580000,0x00000000d5580000,0x00000000d5b00000)
  from space 1536K, 79% used [0x00000000d5d80000,0x00000000d5eb0020,0x00000000d5f00000)
  to   space 1536K, 0% used [0x00000000d5b00000,0x00000000d5b00000,0x00000000d5c80000)
 ParOldGen       total 760320K, used 760051K [0x0000000080000000, 0x00000000ae680000, 0x00000000d5580000)
  object space 760320K, 99% used [0x0000000080000000,0x00000000ae63ce00,0x00000000ae680000)
 Metaspace       used 118413K, committed 120832K, reserved 1179648K
  class space    used 11967K, committed 13056K, reserved 1048576K
}
Event: 4214.830 GC heap before
{Heap before GC invocations=4405 (full 8):
 PSYoungGen      total 7168K, used 6848K [0x00000000d5580000, 0x00000000d5f00000, 0x0000000100000000)
  eden space 5632K, 100% used [0x00000000d5580000,0x00000000d5b00000,0x00000000d5b00000)
  from space 1536K, 79% used [0x00000000d5d80000,0x00000000d5eb0020,0x00000000d5f00000)
  to   space 1536K, 0% used [0x00000000d5b00000,0x00000000d5b00000,0x00000000d5c80000)
 ParOldGen       total 760320K, used 760051K [0x0000000080000000, 0x00000000ae680000, 0x00000000d5580000)
  object space 760320K, 99% used [0x0000000080000000,0x00000000ae63ce00,0x00000000ae680000)
 Metaspace       used 118424K, committed 120832K, reserved 1179648K
  class space    used 11967K, committed 13056K, reserved 1048576K
}
Event: 4214.832 GC heap after
{Heap after GC invocations=4405 (full 8):
 PSYoungGen      total 7168K, used 1088K [0x00000000d5580000, 0x00000000d5e00000, 0x0000000100000000)
  eden space 5632K, 0% used [0x00000000d5580000,0x00000000d5580000,0x00000000d5b00000)
  from space 1536K, 70% used [0x00000000d5b00000,0x00000000d5c10000,0x00000000d5c80000)
  to   space 1536K, 0% used [0x00000000d5c80000,0x00000000d5c80000,0x00000000d5e00000)
 ParOldGen       total 761344K, used 761114K [0x0000000080000000, 0x00000000ae780000, 0x00000000d5580000)
  object space 761344K, 99% used [0x0000000080000000,0x00000000ae746890,0x00000000ae780000)
 Metaspace       used 118424K, committed 120832K, reserved 1179648K
  class space    used 11967K, committed 13056K, reserved 1048576K
}
Event: 4214.872 GC heap before
{Heap before GC invocations=4406 (full 8):
 PSYoungGen      total 7168K, used 6720K [0x00000000d5580000, 0x00000000d5e00000, 0x0000000100000000)
  eden space 5632K, 100% used [0x00000000d5580000,0x00000000d5b00000,0x00000000d5b00000)
  from space 1536K, 70% used [0x00000000d5b00000,0x00000000d5c10000,0x00000000d5c80000)
  to   space 1536K, 0% used [0x00000000d5c80000,0x00000000d5c80000,0x00000000d5e00000)
 ParOldGen       total 761344K, used 761114K [0x0000000080000000, 0x00000000ae780000, 0x00000000d5580000)
  object space 761344K, 99% used [0x0000000080000000,0x00000000ae746890,0x00000000ae780000)
 Metaspace       used 118471K, committed 120832K, reserved 1179648K
  class space    used 11967K, committed 13056K, reserved 1048576K
}
Event: 4214.875 GC heap after
{Heap after GC invocations=4406 (full 8):
 PSYoungGen      total 7168K, used 1088K [0x00000000d5580000, 0x00000000d5e00000, 0x0000000100000000)
  eden space 5632K, 0% used [0x00000000d5580000,0x00000000d5580000,0x00000000d5b00000)
  from space 1536K, 70% used [0x00000000d5c80000,0x00000000d5d90000,0x00000000d5e00000)
  to   space 1536K, 0% used [0x00000000d5b00000,0x00000000d5b00000,0x00000000d5c80000)
 ParOldGen       total 762368K, used 762072K [0x0000000080000000, 0x00000000ae880000, 0x00000000d5580000)
  object space 762368K, 99% used [0x0000000080000000,0x00000000ae836010,0x00000000ae880000)
 Metaspace       used 118471K, committed 120832K, reserved 1179648K
  class space    used 11967K, committed 13056K, reserved 1048576K
}
Event: 4214.925 GC heap before
{Heap before GC invocations=4407 (full 8):
 PSYoungGen      total 7168K, used 6720K [0x00000000d5580000, 0x00000000d5e00000, 0x0000000100000000)
  eden space 5632K, 100% used [0x00000000d5580000,0x00000000d5b00000,0x00000000d5b00000)
  from space 1536K, 70% used [0x00000000d5c80000,0x00000000d5d90000,0x00000000d5e00000)
  to   space 1536K, 0% used [0x00000000d5b00000,0x00000000d5b00000,0x00000000d5c80000)
 ParOldGen       total 762368K, used 762072K [0x0000000080000000, 0x00000000ae880000, 0x00000000d5580000)
  object space 762368K, 99% used [0x0000000080000000,0x00000000ae836010,0x00000000ae880000)
 Metaspace       used 118507K, committed 120896K, reserved 1179648K
  class space    used 11967K, committed 13056K, reserved 1048576K
}
Event: 4214.927 GC heap after
{Heap after GC invocations=4407 (full 8):
 PSYoungGen      total 7168K, used 1152K [0x00000000d5580000, 0x00000000d5e00000, 0x0000000100000000)
  eden space 5632K, 0% used [0x00000000d5580000,0x00000000d5580000,0x00000000d5b00000)
  from space 1536K, 75% used [0x00000000d5b00000,0x00000000d5c20000,0x00000000d5c80000)
  to   space 1536K, 0% used [0x00000000d5c80000,0x00000000d5c80000,0x00000000d5e00000)
 ParOldGen       total 763392K, used 763000K [0x0000000080000000, 0x00000000ae980000, 0x00000000d5580000)
  object space 763392K, 99% used [0x0000000080000000,0x00000000ae91e030,0x00000000ae980000)
 Metaspace       used 118507K, committed 120896K, reserved 1179648K
  class space    used 11967K, committed 13056K, reserved 1048576K
}
Event: 4214.948 GC heap before
{Heap before GC invocations=4408 (full 8):
 PSYoungGen      total 7168K, used 5391K [0x00000000d5580000, 0x00000000d5e00000, 0x0000000100000000)
  eden space 5632K, 75% used [0x00000000d5580000,0x00000000d59a3e10,0x00000000d5b00000)
  from space 1536K, 75% used [0x00000000d5b00000,0x00000000d5c20000,0x00000000d5c80000)
  to   space 1536K, 0% used [0x00000000d5c80000,0x00000000d5c80000,0x00000000d5e00000)
 ParOldGen       total 763392K, used 763000K [0x0000000080000000, 0x00000000ae980000, 0x00000000d5580000)
  object space 763392K, 99% used [0x0000000080000000,0x00000000ae91e030,0x00000000ae980000)
 Metaspace       used 118548K, committed 120896K, reserved 1179648K
  class space    used 11967K, committed 13056K, reserved 1048576K
}
Event: 4214.949 GC heap after
{Heap after GC invocations=4408 (full 8):
 PSYoungGen      total 6656K, used 864K [0x00000000d5580000, 0x00000000d5d80000, 0x0000000100000000)
  eden space 5632K, 0% used [0x00000000d5580000,0x00000000d5580000,0x00000000d5b00000)
  from space 1024K, 84% used [0x00000000d5c80000,0x00000000d5d58000,0x00000000d5d80000)
  to   space 1024K, 0% used [0x00000000d5b80000,0x00000000d5b80000,0x00000000d5c80000)
 ParOldGen       total 764416K, used 763968K [0x0000000080000000, 0x00000000aea80000, 0x00000000d5580000)
  object space 764416K, 99% used [0x0000000080000000,0x00000000aea10050,0x00000000aea80000)
 Metaspace       used 118548K, committed 120896K, reserved 1179648K
  class space    used 11967K, committed 13056K, reserved 1048576K
}
Event: 4214.949 GC heap before
{Heap before GC invocations=4409 (full 9):
 PSYoungGen      total 6656K, used 864K [0x00000000d5580000, 0x00000000d5d80000, 0x0000000100000000)
  eden space 5632K, 0% used [0x00000000d5580000,0x00000000d5580000,0x00000000d5b00000)
  from space 1024K, 84% used [0x00000000d5c80000,0x00000000d5d58000,0x00000000d5d80000)
  to   space 1024K, 0% used [0x00000000d5b80000,0x00000000d5b80000,0x00000000d5c80000)
 ParOldGen       total 764416K, used 763968K [0x0000000080000000, 0x00000000aea80000, 0x00000000d5580000)
  object space 764416K, 99% used [0x0000000080000000,0x00000000aea10050,0x00000000aea80000)
 Metaspace       used 118548K, committed 120896K, reserved 1179648K
  class space    used 11967K, committed 13056K, reserved 1048576K
}
Event: 4215.437 GC heap after
{Heap after GC invocations=4409 (full 9):
 PSYoungGen      total 6656K, used 0K [0x00000000d5580000, 0x00000000d5d80000, 0x0000000100000000)
  eden space 5632K, 0% used [0x00000000d5580000,0x00000000d5580000,0x00000000d5b00000)
  from space 1024K, 0% used [0x00000000d5c80000,0x00000000d5c80000,0x00000000d5d80000)
  to   space 1024K, 0% used [0x00000000d5b80000,0x00000000d5b80000,0x00000000d5c80000)
 ParOldGen       total 764416K, used 153668K [0x0000000080000000, 0x00000000aea80000, 0x00000000d5580000)
  object space 764416K, 20% used [0x0000000080000000,0x0000000089611138,0x00000000aea80000)
 Metaspace       used 113934K, committed 117568K, reserved 1179648K
  class space    used 11489K, committed 12864K, reserved 1048576K
}
Event: 4215.471 GC heap before
{Heap before GC invocations=4410 (full 9):
 PSYoungGen      total 6656K, used 5632K [0x00000000d5580000, 0x00000000d5d80000, 0x0000000100000000)
  eden space 5632K, 100% used [0x00000000d5580000,0x00000000d5b00000,0x00000000d5b00000)
  from space 1024K, 0% used [0x00000000d5c80000,0x00000000d5c80000,0x00000000d5d80000)
  to   space 1024K, 0% used [0x00000000d5b80000,0x00000000d5b80000,0x00000000d5c80000)
 ParOldGen       total 764416K, used 153668K [0x0000000080000000, 0x00000000aea80000, 0x00000000d5580000)
  object space 764416K, 20% used [0x0000000080000000,0x0000000089611138,0x00000000aea80000)
 Metaspace       used 113947K, committed 117568K, reserved 1179648K
  class space    used 11490K, committed 12864K, reserved 1048576K
}
Event: 4215.474 GC heap after
{Heap after GC invocations=4410 (full 9):
 PSYoungGen      total 6656K, used 884K [0x00000000d5580000, 0x00000000d5d00000, 0x0000000100000000)
  eden space 5632K, 0% used [0x00000000d5580000,0x00000000d5580000,0x00000000d5b00000)
  from space 1024K, 86% used [0x00000000d5b80000,0x00000000d5c5d098,0x00000000d5c80000)
  to   space 512K, 0% used [0x00000000d5c80000,0x00000000d5c80000,0x00000000d5d00000)
 ParOldGen       total 764416K, used 153668K [0x0000000080000000, 0x00000000aea80000, 0x00000000d5580000)
  object space 764416K, 20% used [0x0000000080000000,0x0000000089611138,0x00000000aea80000)
 Metaspace       used 113947K, committed 117568K, reserved 1179648K
  class space    used 11490K, committed 12864K, reserved 1048576K
}
Event: 4215.570 GC heap before
{Heap before GC invocations=4411 (full 9):
 PSYoungGen      total 6656K, used 6516K [0x00000000d5580000, 0x00000000d5d00000, 0x0000000100000000)
  eden space 5632K, 100% used [0x00000000d5580000,0x00000000d5b00000,0x00000000d5b00000)
  from space 1024K, 86% used [0x00000000d5b80000,0x00000000d5c5d098,0x00000000d5c80000)
  to   space 512K, 0% used [0x00000000d5c80000,0x00000000d5c80000,0x00000000d5d00000)
 ParOldGen       total 764416K, used 153668K [0x0000000080000000, 0x00000000aea80000, 0x00000000d5580000)
  object space 764416K, 20% used [0x0000000080000000,0x0000000089611138,0x00000000aea80000)
 Metaspace       used 114036K, committed 117568K, reserved 1179648K
  class space    used 11491K, committed 12864K, reserved 1048576K
}
Event: 4215.572 GC heap after
{Heap after GC invocations=4411 (full 9):
 PSYoungGen      total 6144K, used 448K [0x00000000d5580000, 0x00000000d5d00000, 0x0000000100000000)
  eden space 5632K, 0% used [0x00000000d5580000,0x00000000d5580000,0x00000000d5b00000)
  from space 512K, 87% used [0x00000000d5c80000,0x00000000d5cf0000,0x00000000d5d00000)
  to   space 1024K, 0% used [0x00000000d5b00000,0x00000000d5b00000,0x00000000d5c00000)
 ParOldGen       total 764416K, used 154329K [0x0000000080000000, 0x00000000aea80000, 0x00000000d5580000)
  object space 764416K, 20% used [0x0000000080000000,0x00000000896b6568,0x00000000aea80000)
 Metaspace       used 114036K, committed 117568K, reserved 1179648K
  class space    used 11491K, committed 12864K, reserved 1048576K
}
Event: 4511.100 GC heap before
{Heap before GC invocations=4412 (full 9):
 PSYoungGen      total 6144K, used 6080K [0x00000000d5580000, 0x00000000d5d00000, 0x0000000100000000)
  eden space 5632K, 100% used [0x00000000d5580000,0x00000000d5b00000,0x00000000d5b00000)
  from space 512K, 87% used [0x00000000d5c80000,0x00000000d5cf0000,0x00000000d5d00000)
  to   space 1024K, 0% used [0x00000000d5b00000,0x00000000d5b00000,0x00000000d5c00000)
 ParOldGen       total 764416K, used 154329K [0x0000000080000000, 0x00000000aea80000, 0x00000000d5580000)
  object space 764416K, 20% used [0x0000000080000000,0x00000000896b6568,0x00000000aea80000)
 Metaspace       used 114046K, committed 117568K, reserved 1179648K
  class space    used 11491K, committed 12864K, reserved 1048576K
}
Event: 4511.105 GC heap after
{Heap after GC invocations=4412 (full 9):
 PSYoungGen      total 6656K, used 352K [0x00000000d5580000, 0x00000000d5d00000, 0x0000000100000000)
  eden space 5632K, 0% used [0x00000000d5580000,0x00000000d5580000,0x00000000d5b00000)
  from space 1024K, 34% used [0x00000000d5b00000,0x00000000d5b58000,0x00000000d5c00000)
  to   space 512K, 0% used [0x00000000d5c80000,0x00000000d5c80000,0x00000000d5d00000)
 ParOldGen       total 764416K, used 154553K [0x0000000080000000, 0x00000000aea80000, 0x00000000d5580000)
  object space 764416K, 20% used [0x0000000080000000,0x00000000896ee568,0x00000000aea80000)
 Metaspace       used 114046K, committed 117568K, reserved 1179648K
  class space    used 11491K, committed 12864K, reserved 1048576K
}

Dll operation events (14 events):
Event: 0.039 Loaded shared library c:\Users\caua.cm\.antigravity-ide\extensions\redhat.java-1.54.0-win32-x64\jre\21.0.10-win32-x86_64\bin\java.dll
Event: 0.094 Loaded shared library c:\Users\caua.cm\.antigravity-ide\extensions\redhat.java-1.54.0-win32-x64\jre\21.0.10-win32-x86_64\bin\zip.dll
Event: 0.108 Loaded shared library C:\Users\caua.cm\.antigravity-ide\extensions\redhat.java-1.54.0-win32-x64\jre\21.0.10-win32-x86_64\bin\instrument.dll
Event: 0.114 Loaded shared library C:\Users\caua.cm\.antigravity-ide\extensions\redhat.java-1.54.0-win32-x64\jre\21.0.10-win32-x86_64\bin\net.dll
Event: 0.118 Loaded shared library C:\Users\caua.cm\.antigravity-ide\extensions\redhat.java-1.54.0-win32-x64\jre\21.0.10-win32-x86_64\bin\nio.dll
Event: 0.120 Loaded shared library C:\Users\caua.cm\.antigravity-ide\extensions\redhat.java-1.54.0-win32-x64\jre\21.0.10-win32-x86_64\bin\zip.dll
Event: 0.133 Loaded shared library C:\Users\caua.cm\.antigravity-ide\extensions\redhat.java-1.54.0-win32-x64\jre\21.0.10-win32-x86_64\bin\jimage.dll
Event: 0.186 Loaded shared library c:\Users\caua.cm\.antigravity-ide\extensions\redhat.java-1.54.0-win32-x64\jre\21.0.10-win32-x86_64\bin\verify.dll
Event: 8.873 Loaded shared library C:\Users\caua.cm\AppData\Roaming\Antigravity IDE\User\globalStorage\redhat.java\1.54.0\config_win\org.eclipse.equinox.launcher\org.eclipse.equinox.launcher.win32.win32.x86_64_1.3.0.v20260203-2149\eclipse_11919.dll
Event: 9.967 Loaded shared library C:\Users\caua.cm\.antigravity-ide\extensions\redhat.java-1.54.0-win32-x64\jre\21.0.10-win32-x86_64\bin\management.dll
Event: 9.969 Loaded shared library C:\Users\caua.cm\.antigravity-ide\extensions\redhat.java-1.54.0-win32-x64\jre\21.0.10-win32-x86_64\bin\management_ext.dll
Event: 10.988 Loaded shared library C:\Users\caua.cm\AppData\Local\Temp\jna-556567918\jna1348603990215201383.dll
Event: 11.083 Loaded shared library C:\Users\caua.cm\.antigravity-ide\extensions\redhat.java-1.54.0-win32-x64\jre\21.0.10-win32-x86_64\bin\sunmscapi.dll
Event: 11.418 Loaded shared library C:\Users\caua.cm\.antigravity-ide\extensions\redhat.java-1.54.0-win32-x64\jre\21.0.10-win32-x86_64\bin\extnet.dll

Deoptimization events (20 events):
Event: 4215.489 Thread 0x0000017de266e7f0 DEOPT PACKING pc=0x0000017d8c4db89c sp=0x0000004080afe350
Event: 4215.489 Thread 0x0000017de266e7f0 DEOPT UNPACKING pc=0x0000017d8a6c3aa2 sp=0x0000004080afe1d0 mode 2
Event: 4215.489 Thread 0x0000017de266e7f0 Uncommon trap: trap_request=0xffffffd6 fr.pc=0x0000017d8c4db89c relative=0x000000000000275c
Event: 4215.489 Thread 0x0000017de266e7f0 Uncommon trap: reason=array_check action=maybe_recompile pc=0x0000017d8c4db89c method=org.eclipse.core.internal.events.NodeIDMap.put(JLorg/eclipse/core/runtime/IPath;Lorg/eclipse/core/runtime/IPath;)V @ 239 c2
Event: 4215.489 Thread 0x0000017de266e7f0 DEOPT PACKING pc=0x0000017d8c4db89c sp=0x0000004080afe350
Event: 4215.489 Thread 0x0000017de266e7f0 DEOPT UNPACKING pc=0x0000017d8a6c3aa2 sp=0x0000004080afe1d0 mode 2
Event: 4215.517 Thread 0x0000017de266e7f0 Uncommon trap: trap_request=0xffffff6e fr.pc=0x0000017d8c4bf0a8 relative=0x0000000000000d68
Event: 4215.517 Thread 0x0000017de266e7f0 Uncommon trap: reason=loop_limit_check action=maybe_recompile pc=0x0000017d8c4bf0a8 method=org.codehaus.plexus.util.SelectorUtils.match([C[CZ)Z @ 498 c2
Event: 4215.517 Thread 0x0000017de266e7f0 DEOPT PACKING pc=0x0000017d8c4bf0a8 sp=0x0000004080afc9b0
Event: 4215.517 Thread 0x0000017de266e7f0 DEOPT UNPACKING pc=0x0000017d8a6c3aa2 sp=0x0000004080afc950 mode 2
Event: 4215.573 Thread 0x0000017de266e7f0 DEOPT PACKING pc=0x0000017d853954b3 sp=0x0000004080afcbd0
Event: 4215.573 Thread 0x0000017de266e7f0 DEOPT UNPACKING pc=0x0000017d8a6c4242 sp=0x0000004080afc0b8 mode 0
Event: 4510.983 Thread 0x0000017de266e7f0 Uncommon trap: trap_request=0xffffff45 fr.pc=0x0000017d8af2ddf8 relative=0x00000000000033b8
Event: 4510.983 Thread 0x0000017de266e7f0 Uncommon trap: reason=unstable_if action=reinterpret pc=0x0000017d8af2ddf8 method=java.io.ClassCache.processQueue()V @ 9 c2
Event: 4510.983 Thread 0x0000017de266e7f0 DEOPT PACKING pc=0x0000017d8af2ddf8 sp=0x0000004080afeba0
Event: 4510.983 Thread 0x0000017de266e7f0 DEOPT UNPACKING pc=0x0000017d8a6c3aa2 sp=0x0000004080afea08 mode 2
Event: 4510.984 Thread 0x0000017de266e7f0 Uncommon trap: trap_request=0xffffff45 fr.pc=0x0000017d8b5808cc relative=0x000000000000010c
Event: 4510.984 Thread 0x0000017de266e7f0 Uncommon trap: reason=unstable_if action=reinterpret pc=0x0000017d8b5808cc method=java.lang.ClassValue.match(Ljava/lang/ClassValue$Entry;)Z @ 12 c2
Event: 4510.984 Thread 0x0000017de266e7f0 DEOPT PACKING pc=0x0000017d8b5808cc sp=0x0000004080afea50
Event: 4510.984 Thread 0x0000017de266e7f0 DEOPT UNPACKING pc=0x0000017d8a6c3aa2 sp=0x0000004080afe990 mode 2

Classes loaded (20 events):
Event: 4080.196 Loading class java/security/cert/CertificateParsingException
Event: 4080.196 Loading class java/security/cert/CertificateParsingException done
Event: 4080.197 Loading class javax/naming/NamingException
Event: 4080.197 Loading class javax/naming/NamingException done
Event: 4080.197 Loading class javax/naming/InvalidNameException
Event: 4080.197 Loading class javax/naming/InvalidNameException done
Event: 4080.207 Loading class java/net/NoRouteToHostException
Event: 4080.207 Loading class java/net/NoRouteToHostException done
Event: 4080.268 Loading class java/nio/StringCharBuffer
Event: 4080.268 Loading class java/nio/StringCharBuffer done
Event: 4080.270 Loading class java/util/concurrent/atomic/AtomicMarkableReference
Event: 4080.270 Loading class java/util/concurrent/atomic/AtomicMarkableReference done
Event: 4080.270 Loading class java/util/concurrent/atomic/AtomicMarkableReference$Pair
Event: 4080.270 Loading class java/util/concurrent/atomic/AtomicMarkableReference$Pair done
Event: 4080.289 Loading class javax/net/DefaultSocketFactory
Event: 4080.289 Loading class javax/net/DefaultSocketFactory done
Event: 4080.734 Loading class java/util/zip/CheckedInputStream
Event: 4080.735 Loading class java/util/zip/CheckedInputStream done
Event: 4080.738 Loading class java/util/zip/GZIPInputStream$1
Event: 4080.738 Loading class java/util/zip/GZIPInputStream$1 done

Classes unloaded (20 events):
Event: 4215.040 Thread 0x0000017d96de4140 Unloading class 0x0000017d98017400 'java/lang/invoke/LambdaForm$MH+0x0000017d98017400'
Event: 4215.040 Thread 0x0000017d96de4140 Unloading class 0x0000017d98016400 'java/lang/invoke/LambdaForm$MH+0x0000017d98016400'
Event: 4215.041 Thread 0x0000017d96de4140 Unloading class 0x0000017d9800d800 'java/lang/invoke/LambdaForm$MH+0x0000017d9800d800'
Event: 4215.041 Thread 0x0000017d96de4140 Unloading class 0x0000017d9800d400 'java/lang/invoke/LambdaForm$MH+0x0000017d9800d400'
Event: 4215.041 Thread 0x0000017d96de4140 Unloading class 0x0000017d9800d000 'java/lang/invoke/LambdaForm$MH+0x0000017d9800d000'
Event: 4215.041 Thread 0x0000017d96de4140 Unloading class 0x0000017d9800cc00 'java/lang/invoke/LambdaForm$MH+0x0000017d9800cc00'
Event: 4215.041 Thread 0x0000017d96de4140 Unloading class 0x0000017d9800c800 'java/lang/invoke/LambdaForm$BMH+0x0000017d9800c800'
Event: 4215.041 Thread 0x0000017d96de4140 Unloading class 0x0000017d9800c000 'java/lang/invoke/LambdaForm$DMH+0x0000017d9800c000'
Event: 4215.041 Thread 0x0000017d96de4140 Unloading class 0x0000017d98008c00 'java/lang/invoke/LambdaForm$MH+0x0000017d98008c00'
Event: 4215.041 Thread 0x0000017d96de4140 Unloading class 0x0000017d98008800 'java/lang/invoke/LambdaForm$MH+0x0000017d98008800'
Event: 4215.041 Thread 0x0000017d96de4140 Unloading class 0x0000017d98008400 'java/lang/invoke/LambdaForm$MH+0x0000017d98008400'
Event: 4215.041 Thread 0x0000017d96de4140 Unloading class 0x0000017d98007000 'java/lang/invoke/LambdaForm$MH+0x0000017d98007000'
Event: 4215.041 Thread 0x0000017d96de4140 Unloading class 0x0000017d98006800 'java/lang/invoke/LambdaForm$MH+0x0000017d98006800'
Event: 4215.041 Thread 0x0000017d96de4140 Unloading class 0x0000017d98006400 'java/lang/invoke/LambdaForm$MH+0x0000017d98006400'
Event: 4215.041 Thread 0x0000017d96de4140 Unloading class 0x0000017d98006000 'java/lang/invoke/LambdaForm$MH+0x0000017d98006000'
Event: 4215.041 Thread 0x0000017d96de4140 Unloading class 0x0000017d98005c00 'java/lang/invoke/LambdaForm$BMH+0x0000017d98005c00'
Event: 4215.041 Thread 0x0000017d96de4140 Unloading class 0x0000017d98004800 'java/lang/invoke/LambdaForm$DMH+0x0000017d98004800'
Event: 4215.041 Thread 0x0000017d96de4140 Unloading class 0x0000017d98002400 'java/lang/invoke/LambdaForm$MH+0x0000017d98002400'
Event: 4215.041 Thread 0x0000017d96de4140 Unloading class 0x0000017d98002000 'java/lang/invoke/LambdaForm$MH+0x0000017d98002000'
Event: 4215.041 Thread 0x0000017d96de4140 Unloading class 0x0000017d98001800 'java/lang/invoke/LambdaForm$MH+0x0000017d98001800'

Classes redefined (0 events):
No events

Internal exceptions (20 events):
Event: 4214.712 Thread 0x0000017de266fba0 Exception <a 'sun/nio/fs/WindowsException'{0x00000000d56cc808}> (0x00000000d56cc808) 
thrown [s\src\hotspot\share\prims\jni.cpp, line 520]
Event: 4214.712 Thread 0x0000017de43bcac0 Exception <a 'sun/nio/fs/WindowsException'{0x00000000d56e0a60}> (0x00000000d56e0a60) 
thrown [s\src\hotspot\share\prims\jni.cpp, line 520]
Event: 4214.713 Thread 0x0000017dda911ea0 Exception <a 'sun/nio/fs/WindowsException'{0x00000000d56e5ef0}> (0x00000000d56e5ef0) 
thrown [s\src\hotspot\share\prims\jni.cpp, line 520]
Event: 4214.713 Thread 0x0000017de43bde70 Exception <a 'sun/nio/fs/WindowsException'{0x00000000d56f5660}> (0x00000000d56f5660) 
thrown [s\src\hotspot\share\prims\jni.cpp, line 520]
Event: 4214.713 Thread 0x0000017dda90d670 Exception <a 'sun/nio/fs/WindowsException'{0x00000000d56e9ca8}> (0x00000000d56e9ca8) 
thrown [s\src\hotspot\share\prims\jni.cpp, line 520]
Event: 4214.713 Thread 0x0000017dda90f0b0 Exception <a 'sun/nio/fs/WindowsException'{0x00000000d56f17b8}> (0x00000000d56f17b8) 
thrown [s\src\hotspot\share\prims\jni.cpp, line 520]
Event: 4214.713 Thread 0x0000017dda910af0 Exception <a 'sun/nio/fs/WindowsException'{0x00000000d56f7fa0}> (0x00000000d56f7fa0) 
thrown [s\src\hotspot\share\prims\jni.cpp, line 520]
Event: 4214.713 Thread 0x0000017dda90f740 Exception <a 'sun/nio/fs/WindowsException'{0x00000000d56eda08}> (0x00000000d56eda08) 
thrown [s\src\hotspot\share\prims\jni.cpp, line 520]
Event: 4214.713 Thread 0x0000017dda90bc30 Exception <a 'sun/nio/fs/WindowsException'{0x00000000d56fbd40}> (0x00000000d56fbd40) 
thrown [s\src\hotspot\share\prims\jni.cpp, line 520]
Event: 4214.713 Thread 0x0000017dda90dd00 Exception <a 'sun/nio/fs/WindowsException'{0x00000000d56ffd30}> (0x00000000d56ffd30) 
thrown [s\src\hotspot\share\prims\jni.cpp, line 520]
Event: 4214.721 Thread 0x0000017de266e7f0 Exception <a 'sun/nio/fs/WindowsException'{0x00000000d574a8e8}> (0x00000000d574a8e8) 
thrown [s\src\hotspot\share\prims\jni.cpp, line 520]
Event: 4215.488 Thread 0x0000017de266e7f0 Exception <a 'sun/nio/fs/WindowsException'{0x00000000d5700fa0}> (0x00000000d5700fa0) 
thrown [s\src\hotspot\share\prims\jni.cpp, line 520]
Event: 4215.488 Thread 0x0000017de266e7f0 Exception <a 'sun/nio/fs/WindowsException'{0x00000000d5701858}> (0x00000000d5701858) 
thrown [s\src\hotspot\share\prims\jni.cpp, line 520]
Event: 4215.503 Thread 0x0000017de266e7f0 Exception <a 'sun/nio/fs/WindowsException'{0x00000000d581ef70}> (0x00000000d581ef70) 
thrown [s\src\hotspot\share\prims\jni.cpp, line 520]
Event: 4215.505 Thread 0x0000017de266e7f0 Exception <a 'sun/nio/fs/WindowsException'{0x00000000d5821000}> (0x00000000d5821000) 
thrown [s\src\hotspot\share\prims\jni.cpp, line 520]
Event: 4215.508 Thread 0x0000017de266e7f0 Exception <a 'sun/nio/fs/WindowsException'{0x00000000d5822e00}> (0x00000000d5822e00) 
thrown [s\src\hotspot\share\prims\jni.cpp, line 520]
Event: 4215.510 Thread 0x0000017de266e7f0 Exception <a 'sun/nio/fs/WindowsException'{0x00000000d5824ae0}> (0x00000000d5824ae0) 
thrown [s\src\hotspot\share\prims\jni.cpp, line 520]
Event: 4215.512 Thread 0x0000017de266e7f0 Exception <a 'sun/nio/fs/WindowsException'{0x00000000d5826a30}> (0x00000000d5826a30) 
thrown [s\src\hotspot\share\prims\jni.cpp, line 520]
Event: 4510.980 Thread 0x0000017de266e7f0 Exception <a 'sun/nio/fs/WindowsException'{0x00000000d5a3bab8}> (0x00000000d5a3bab8) 
thrown [s\src\hotspot\share\prims\jni.cpp, line 520]
Event: 4510.980 Thread 0x0000017de266e7f0 Exception <a 'sun/nio/fs/WindowsException'{0x00000000d5a3c620}> (0x00000000d5a3c620) 
thrown [s\src\hotspot\share\prims\jni.cpp, line 520]

ZGC Phase Switch (0 events):
No events

VM Operations (20 events):
Event: 5591.288 Executing non-safepoint VM operation: HandshakeAllThreads (HandshakeForDeflation)
Event: 5591.288 Executing non-safepoint VM operation: HandshakeAllThreads (HandshakeForDeflation) done
Event: 5591.288 Executing non-safepoint VM operation: RendezvousGCThreads
Event: 5591.288 Executing non-safepoint VM operation: RendezvousGCThreads done
Event: 5651.507 Executing non-safepoint VM operation: HandshakeAllThreads (HandshakeForDeflation)
Event: 5651.507 Executing non-safepoint VM operation: HandshakeAllThreads (HandshakeForDeflation) done
Event: 5651.507 Executing non-safepoint VM operation: RendezvousGCThreads
Event: 5651.507 Executing non-safepoint VM operation: RendezvousGCThreads done
Event: 5711.754 Executing non-safepoint VM operation: HandshakeAllThreads (HandshakeForDeflation)
Event: 5711.754 Executing non-safepoint VM operation: HandshakeAllThreads (HandshakeForDeflation) done
Event: 5711.754 Executing non-safepoint VM operation: RendezvousGCThreads
Event: 5711.754 Executing non-safepoint VM operation: RendezvousGCThreads done
Event: 5771.984 Executing non-safepoint VM operation: HandshakeAllThreads (HandshakeForDeflation)
Event: 5771.984 Executing non-safepoint VM operation: HandshakeAllThreads (HandshakeForDeflation) done
Event: 5771.984 Executing non-safepoint VM operation: RendezvousGCThreads
Event: 5771.984 Executing non-safepoint VM operation: RendezvousGCThreads done
Event: 5892.218 Executing non-safepoint VM operation: HandshakeAllThreads (HandshakeForDeflation)
Event: 5892.218 Executing non-safepoint VM operation: HandshakeAllThreads (HandshakeForDeflation) done
Event: 5892.218 Executing non-safepoint VM operation: RendezvousGCThreads
Event: 5892.218 Executing non-safepoint VM operation: RendezvousGCThreads done

Memory protections (0 events):
No events

Nmethod flushes (20 events):
Event: 4215.181 Thread 0x0000017d96de4140 flushing  nmethod 0x0000017d85d25f10
Event: 4215.181 Thread 0x0000017d96de4140 flushing  nmethod 0x0000017d85d26490
Event: 4215.181 Thread 0x0000017d96de4140 flushing  nmethod 0x0000017d85d27210
Event: 4215.181 Thread 0x0000017d96de4140 flushing  nmethod 0x0000017d85e33910
Event: 4215.181 Thread 0x0000017d96de4140 flushing  nmethod 0x0000017d85e76990
Event: 4215.181 Thread 0x0000017d96de4140 flushing  nmethod 0x0000017d85e76d90
Event: 4215.181 Thread 0x0000017d96de4140 flushing  nmethod 0x0000017d85e77110
Event: 4215.181 Thread 0x0000017d96de4140 flushing  nmethod 0x0000017d85e77810
Event: 4215.181 Thread 0x0000017d96de4140 flushing  nmethod 0x0000017d85e77d90
Event: 4215.181 Thread 0x0000017d96de4140 flushing  nmethod 0x0000017d85e78590
Event: 4215.181 Thread 0x0000017d96de4140 flushing  nmethod 0x0000017d85e79310
Event: 4215.181 Thread 0x0000017d96de4140 flushing  nmethod 0x0000017d860c4910
Event: 4215.181 Thread 0x0000017d96de4140 flushing  nmethod 0x0000017d860c5510
Event: 4215.181 Thread 0x0000017d96de4140 flushing  nmethod 0x0000017d860c6b10
Event: 4215.181 Thread 0x0000017d96de4140 flushing  nmethod 0x0000017d860c7210
Event: 4215.181 Thread 0x0000017d96de4140 flushing  nmethod 0x0000017d860c7690
Event: 4215.181 Thread 0x0000017d96de4140 flushing  nmethod 0x0000017d860cfc10
Event: 4215.181 Thread 0x0000017d96de4140 flushing  nmethod 0x0000017d860ffc90
Event: 4215.182 Thread 0x0000017d96de4140 flushing  nmethod 0x0000017d86100990
Event: 4215.182 Thread 0x0000017d96de4140 flushing  nmethod 0x0000017d86101690

Events (20 events):
Event: 4514.774 Thread 0x0000017de13cd7f0 Thread exited: 0x0000017de13cd7f0
Event: 4514.774 Thread 0x0000017de13ce510 Thread exited: 0x0000017de13ce510
Event: 4515.456 Thread 0x0000017d96df8720 Thread exited: 0x0000017d96df8720
Event: 4515.458 Thread 0x0000017d96df9ad0 Thread exited: 0x0000017d96df9ad0
Event: 4515.473 Thread 0x0000017de43bc430 Thread exited: 0x0000017de43bc430
Event: 4515.473 Thread 0x0000017de43c05d0 Thread exited: 0x0000017de43c05d0
Event: 4515.489 Thread 0x0000017d96dfa160 Thread exited: 0x0000017d96dfa160
Event: 4515.489 Thread 0x0000017d96df7370 Thread exited: 0x0000017d96df7370
Event: 4515.489 Thread 0x0000017d96df8db0 Thread exited: 0x0000017d96df8db0
Event: 4515.489 Thread 0x0000017de43bff40 Thread exited: 0x0000017de43bff40
Event: 4515.489 Thread 0x0000017de43beb90 Thread exited: 0x0000017de43beb90
Event: 4515.490 Thread 0x0000017de43bb710 Thread exited: 0x0000017de43bb710
Event: 4516.106 Thread 0x0000017de2f5ea40 Thread exited: 0x0000017de2f5ea40
Event: 4574.756 Thread 0x0000017dda90f740 Thread exited: 0x0000017dda90f740
Event: 4634.758 Thread 0x0000017dda90bc30 Thread exited: 0x0000017dda90bc30
Event: 4694.773 Thread 0x0000017dda910af0 Thread exited: 0x0000017dda910af0
Event: 4754.776 Thread 0x0000017dda90d670 Thread exited: 0x0000017dda90d670
Event: 4814.777 Thread 0x0000017de43bde70 Thread exited: 0x0000017de43bde70
Event: 4874.790 Thread 0x0000017de66e53f0 Thread exited: 0x0000017de66e53f0
Event: 4934.802 Thread 0x0000017dda90f0b0 Thread exited: 0x0000017dda90f0b0


Dynamic libraries:
0x00007ff634ab0000 - 0x00007ff634abe000 	c:\Users\caua.cm\.antigravity-ide\extensions\redhat.java-1.54.0-win32-x64\jre\21.0.10-win32-x86_64\bin\java.exe
0x00007ffbdf2a0000 - 0x00007ffbdf507000 	C:\WINDOWS\SYSTEM32\ntdll.dll
0x00007ffbdd5d0000 - 0x00007ffbdd699000 	C:\WINDOWS\System32\KERNEL32.DLL
0x00007ffbdc010000 - 0x00007ffbdc407000 	C:\WINDOWS\System32\KERNELBASE.dll
0x00007ffbd3750000 - 0x00007ffbd37f0000 	C:\WINDOWS\SYSTEM32\apphelp.dll
0x00007ffbdbe10000 - 0x00007ffbdbf5b000 	C:\WINDOWS\System32\ucrtbase.dll
0x00007ffbcb0f0000 - 0x00007ffbcb108000 	c:\Users\caua.cm\.antigravity-ide\extensions\redhat.java-1.54.0-win32-x64\jre\21.0.10-win32-x86_64\bin\jli.dll
0x00007ffbcb0d0000 - 0x00007ffbcb0ee000 	c:\Users\caua.cm\.antigravity-ide\extensions\redhat.java-1.54.0-win32-x64\jre\21.0.10-win32-x86_64\bin\VCRUNTIME140.dll
0x00007ffbdecc0000 - 0x00007ffbdee86000 	C:\WINDOWS\System32\USER32.dll
0x00007ffbd20b0000 - 0x00007ffbd2342000 	C:\WINDOWS\WinSxS\amd64_microsoft.windows.common-controls_6595b64144ccf1df_6.0.26100.8328_none_3e08182ce334b678\COMCTL32.dll
0x00007ffbdbd30000 - 0x00007ffbdbd57000 	C:\WINDOWS\System32\win32u.dll
0x00007ffbde030000 - 0x00007ffbde0d9000 	C:\WINDOWS\System32\msvcrt.dll
0x00007ffbdf0a0000 - 0x00007ffbdf0cb000 	C:\WINDOWS\System32\GDI32.dll
0x00007ffbdcec0000 - 0x00007ffbdcfec000 	C:\WINDOWS\System32\gdi32full.dll
0x00007ffbdbd60000 - 0x00007ffbdbe03000 	C:\WINDOWS\System32\msvcp_win.dll
0x00007ffbdd6a0000 - 0x00007ffbdd6d2000 	C:\WINDOWS\System32\IMM32.DLL
0x00007ffbd8a40000 - 0x00007ffbd8a4c000 	c:\Users\caua.cm\.antigravity-ide\extensions\redhat.java-1.54.0-win32-x64\jre\21.0.10-win32-x86_64\bin\vcruntime140_1.dll
0x00007ffbc0410000 - 0x00007ffbc049d000 	c:\Users\caua.cm\.antigravity-ide\extensions\redhat.java-1.54.0-win32-x64\jre\21.0.10-win32-x86_64\bin\msvcp140.dll
0x00007ffb6b070000 - 0x00007ffb6be11000 	c:\Users\caua.cm\.antigravity-ide\extensions\redhat.java-1.54.0-win32-x64\jre\21.0.10-win32-x86_64\bin\server\jvm.dll
0x00007ffbdd6e0000 - 0x00007ffbdd796000 	C:\WINDOWS\System32\ADVAPI32.dll
0x00007ffbde8e0000 - 0x00007ffbde987000 	C:\WINDOWS\System32\sechost.dll
0x00007ffbde990000 - 0x00007ffbdeaa8000 	C:\WINDOWS\System32\RPCRT4.dll
0x00007ffbde2c0000 - 0x00007ffbde340000 	C:\WINDOWS\System32\WS2_32.dll
0x00007ffbdbb00000 - 0x00007ffbdbb5e000 	C:\WINDOWS\SYSTEM32\POWRPROF.dll
0x00007ffbd2be0000 - 0x00007ffbd2c16000 	C:\WINDOWS\SYSTEM32\WINMM.dll
0x00007ffbd2f10000 - 0x00007ffbd2f1b000 	C:\WINDOWS\SYSTEM32\VERSION.dll
0x00007ffbdbae0000 - 0x00007ffbdbaf4000 	C:\WINDOWS\SYSTEM32\UMPDC.dll
0x00007ffbda9f0000 - 0x00007ffbdaa0b000 	C:\WINDOWS\SYSTEM32\kernel.appcore.dll
0x00007ffbd7d70000 - 0x00007ffbd7d7a000 	c:\Users\caua.cm\.antigravity-ide\extensions\redhat.java-1.54.0-win32-x64\jre\21.0.10-win32-x86_64\bin\jimage.dll
0x00007ffbd2c20000 - 0x00007ffbd2e62000 	C:\WINDOWS\SYSTEM32\DBGHELP.DLL
0x00007ffbde350000 - 0x00007ffbde6d3000 	C:\WINDOWS\System32\combase.dll
0x00007ffbde6e0000 - 0x00007ffbde7b9000 	C:\WINDOWS\System32\OLEAUT32.dll
0x00007ffbd0b40000 - 0x00007ffbd0b7b000 	C:\WINDOWS\SYSTEM32\dbgcore.DLL
0x00007ffbdbf60000 - 0x00007ffbdc008000 	C:\WINDOWS\System32\bcryptPrimitives.dll
0x00007ffbd3040000 - 0x00007ffbd304f000 	c:\Users\caua.cm\.antigravity-ide\extensions\redhat.java-1.54.0-win32-x64\jre\21.0.10-win32-x86_64\bin\instrument.dll
0x00007ffbcad20000 - 0x00007ffbcad40000 	c:\Users\caua.cm\.antigravity-ide\extensions\redhat.java-1.54.0-win32-x64\jre\21.0.10-win32-x86_64\bin\java.dll
0x00007ffbdd8b0000 - 0x00007ffbde01e000 	C:\WINDOWS\System32\SHELL32.dll
0x00007ffbdc4d0000 - 0x00007ffbdcd3c000 	C:\WINDOWS\System32\windows.storage.dll
0x00007ffbde7c0000 - 0x00007ffbde8b6000 	C:\WINDOWS\System32\SHCORE.dll
0x00007ffbdd560000 - 0x00007ffbdd5c6000 	C:\WINDOWS\System32\shlwapi.dll
0x00007ffbdbbc0000 - 0x00007ffbdbbe9000 	C:\WINDOWS\SYSTEM32\profapi.dll
0x00007ffbc9dd0000 - 0x00007ffbc9de8000 	c:\Users\caua.cm\.antigravity-ide\extensions\redhat.java-1.54.0-win32-x64\jre\21.0.10-win32-x86_64\bin\zip.dll
0x00007ffbcff40000 - 0x00007ffbcff50000 	C:\Users\caua.cm\.antigravity-ide\extensions\redhat.java-1.54.0-win32-x64\jre\21.0.10-win32-x86_64\bin\net.dll
0x00007ffbd8d90000 - 0x00007ffbd8eb9000 	C:\WINDOWS\SYSTEM32\WINHTTP.dll
0x00007ffbdaf40000 - 0x00007ffbdafac000 	C:\WINDOWS\system32\mswsock.dll
0x00007ffbc08c0000 - 0x00007ffbc08d6000 	C:\Users\caua.cm\.antigravity-ide\extensions\redhat.java-1.54.0-win32-x64\jre\21.0.10-win32-x86_64\bin\nio.dll
0x00007ffbcd400000 - 0x00007ffbcd410000 	c:\Users\caua.cm\.antigravity-ide\extensions\redhat.java-1.54.0-win32-x64\jre\21.0.10-win32-x86_64\bin\verify.dll
0x00007ffbba640000 - 0x00007ffbba685000 	C:\Users\caua.cm\AppData\Roaming\Antigravity IDE\User\globalStorage\redhat.java\1.54.0\config_win\org.eclipse.equinox.launcher\org.eclipse.equinox.launcher.win32.win32.x86_64_1.3.0.v20260203-2149\eclipse_11919.dll
0x00007ffbdeee0000 - 0x00007ffbdf077000 	C:\WINDOWS\System32\ole32.dll
0x00007ffbd93b0000 - 0x00007ffbd93ba000 	C:\Users\caua.cm\.antigravity-ide\extensions\redhat.java-1.54.0-win32-x64\jre\21.0.10-win32-x86_64\bin\management.dll
0x00007ffbcb790000 - 0x00007ffbcb79c000 	C:\Users\caua.cm\.antigravity-ide\extensions\redhat.java-1.54.0-win32-x64\jre\21.0.10-win32-x86_64\bin\management_ext.dll
0x00007ffbdeab0000 - 0x00007ffbdeab8000 	C:\WINDOWS\System32\PSAPI.DLL
0x00007ffbdb340000 - 0x00007ffbdb35b000 	C:\WINDOWS\SYSTEM32\CRYPTSP.dll
0x00007ffbda950000 - 0x00007ffbda989000 	C:\WINDOWS\system32\rsaenh.dll
0x00007ffbdaff0000 - 0x00007ffbdb023000 	C:\WINDOWS\SYSTEM32\USERENV.dll
0x00007ffbdbb90000 - 0x00007ffbdbbba000 	C:\WINDOWS\SYSTEM32\bcrypt.dll
0x00007ffbdb1a0000 - 0x00007ffbdb1ac000 	C:\WINDOWS\SYSTEM32\CRYPTBASE.dll
0x00007ffbda160000 - 0x00007ffbda192000 	C:\WINDOWS\SYSTEM32\IPHLPAPI.DLL
0x00007ffbde8d0000 - 0x00007ffbde8da000 	C:\WINDOWS\System32\NSI.dll
0x00007ffbb4c00000 - 0x00007ffbb4c49000 	C:\Users\caua.cm\AppData\Local\Temp\jna-556567918\jna1348603990215201383.dll
0x00007ffbd8f50000 - 0x00007ffbd8f6d000 	C:\WINDOWS\SYSTEM32\dhcpcsvc6.DLL
0x00007ffbd8f20000 - 0x00007ffbd8f45000 	C:\WINDOWS\SYSTEM32\dhcpcsvc.DLL
0x00007ffbcb520000 - 0x00007ffbcb52e000 	C:\Users\caua.cm\.antigravity-ide\extensions\redhat.java-1.54.0-win32-x64\jre\21.0.10-win32-x86_64\bin\sunmscapi.dll
0x00007ffbdcd40000 - 0x00007ffbdceb8000 	C:\WINDOWS\System32\CRYPT32.dll
0x00007ffbdb4a0000 - 0x00007ffbdb4d0000 	C:\WINDOWS\SYSTEM32\ncrypt.dll
0x00007ffbdb450000 - 0x00007ffbdb48f000 	C:\WINDOWS\SYSTEM32\NTASN1.dll
0x00007ffbda1a0000 - 0x00007ffbda2d2000 	C:\WINDOWS\SYSTEM32\DNSAPI.dll
0x00007ffbd8350000 - 0x00007ffbd835b000 	C:\Windows\System32\rasadhlp.dll
0x00007ffbd9010000 - 0x00007ffbd9096000 	C:\WINDOWS\System32\fwpuclnt.dll
0x00007ffbcb4a0000 - 0x00007ffbcb4a9000 	C:\Users\caua.cm\.antigravity-ide\extensions\redhat.java-1.54.0-win32-x64\jre\21.0.10-win32-x86_64\bin\extnet.dll
0x00007ffbb4f00000 - 0x00007ffbb4f18000 	C:\WINDOWS\system32\napinsp.dll
0x00007ffbb4ee0000 - 0x00007ffbb4ef3000 	C:\WINDOWS\System32\winrnr.dll
0x00007ffbb4eb0000 - 0x00007ffbb4ed2000 	C:\WINDOWS\system32\nlansp_c.dll
0x00007ffbb4a30000 - 0x00007ffbb4a46000 	C:\WINDOWS\system32\wshbth.dll
0x00007ffbdab10000 - 0x00007ffbdab46000 	C:\WINDOWS\SYSTEM32\ntmarta.dll
0x00007ffba3ec0000 - 0x00007ffba3ec8000 	C:\WINDOWS\system32\wshunix.dll

JVMTI agents:
c:\Users\caua.cm\.antigravity-ide\extensions\redhat.java-1.54.0-win32-x64\lombok\lombok-1.18.39-4050.jar path:c:\Users\caua.cm\.antigravity-ide\extensions\redhat.java-1.54.0-win32-x64\jre\21.0.10-win32-x86_64\bin\instrument.dll, loaded, initialized, instrumentlib options:none

dbghelp: loaded successfully - version: 4.0.5 - missing functions: none
symbol engine: initialized successfully - sym options: 0x614 - pdb path: .;c:\Users\caua.cm\.antigravity-ide\extensions\redhat.java-1.54.0-win32-x64\jre\21.0.10-win32-x86_64\bin;C:\WINDOWS\SYSTEM32;C:\WINDOWS\WinSxS\amd64_microsoft.windows.common-controls_6595b64144ccf1df_6.0.26100.8328_none_3e08182ce334b678;c:\Users\caua.cm\.antigravity-ide\extensions\redhat.java-1.54.0-win32-x64\jre\21.0.10-win32-x86_64\bin\server;C:\Users\caua.cm\AppData\Roaming\Antigravity IDE\User\globalStorage\redhat.java\1.54.0\config_win\org.eclipse.equinox.launcher\org.eclipse.equinox.launcher.win32.win32.x86_64_1.3.0.v20260203-2149;C:\Users\caua.cm\AppData\Local\Temp\jna-556567918

VM Arguments:
jvm_args: --add-modules=ALL-SYSTEM --add-opens=java.base/java.util=ALL-UNNAMED --add-opens=java.base/java.lang=ALL-UNNAMED --add-opens=java.base/sun.nio.fs=ALL-UNNAMED -Declipse.application=org.eclipse.jdt.ls.core.id1 -Dosgi.bundles.defaultStartLevel=4 -Declipse.product=org.eclipse.jdt.ls.core.product -Djava.import.generatesMetadataFilesAtProjectRoot=false -DDetectVMInstallationsJob.disabled=true -Dfile.encoding=utf8 -XX:+UseParallelGC -XX:GCTimeRatio=4 -XX:AdaptiveSizePolicyWeight=90 -Dsun.zip.disableMemoryMapping=true -Xmx2G -Xms100m -Xlog:disable -javaagent:c:\Users\caua.cm\.antigravity-ide\extensions\redhat.java-1.54.0-win32-x64\lombok\lombok-1.18.39-4050.jar -XX:+HeapDumpOnOutOfMemoryError -XX:HeapDumpPath=c:\Users\caua.cm\AppData\Roaming\Antigravity IDE\User\workspaceStorage\289f861fa1f78300e97b1f2a394b50df\redhat.java -Daether.dependencyCollector.impl=bf 
java_command: c:\Users\caua.cm\.antigravity-ide\extensions\redhat.java-1.54.0-win32-x64\server\plugins\org.eclipse.equinox.launcher_1.7.100.v20251111-0406.jar -configuration c:\Users\caua.cm\AppData\Roaming\Antigravity IDE\User\globalStorage\redhat.java\1.54.0\config_win -data c:\Users\caua.cm\AppData\Roaming\Antigravity IDE\User\workspaceStorage\289f861fa1f78300e97b1f2a394b50df\redhat.java\jdt_ws --pipe=\\.\pipe\lsp-03f784e58d7ba0afa43855bb527847c9-sock
java_class_path (initial): c:\Users\caua.cm\.antigravity-ide\extensions\redhat.java-1.54.0-win32-x64\server\plugins\org.eclipse.equinox.launcher_1.7.100.v20251111-0406.jar
Launcher Type: SUN_STANDARD

[Global flags]
    uintx AdaptiveSizePolicyWeight                 = 90                                        {product} {command line}
     intx CICompilerCount                          = 4                                         {product} {ergonomic}
    uintx GCTimeRatio                              = 4                                         {product} {command line}
     bool HeapDumpOnOutOfMemoryError               = true                                   {manageable} {command line}
    ccstr HeapDumpPath                             = c:\Users\caua.cm\AppData\Roaming\Antigravity IDE\User\workspaceStorage\289f861fa1f78300e97b1f2a394b50df\redhat.java         {manageable} {command line}
   size_t InitialHeapSize                          = 104857600                                 {product} {command line}
   size_t MaxHeapSize                              = 2147483648                                {product} {command line}
   size_t MaxNewSize                               = 715653120                                 {product} {ergonomic}
   size_t MinHeapDeltaBytes                        = 524288                                    {product} {ergonomic}
   size_t MinHeapSize                              = 104857600                                 {product} {command line}
   size_t NewSize                                  = 34603008                                  {product} {ergonomic}
    uintx NonNMethodCodeHeapSize                   = 5839372                                {pd product} {ergonomic}
    uintx NonProfiledCodeHeapSize                  = 122909434                              {pd product} {ergonomic}
   size_t OldSize                                  = 70254592                                  {product} {ergonomic}
    uintx ProfiledCodeHeapSize                     = 122909434                              {pd product} {ergonomic}
    uintx ReservedCodeCacheSize                    = 251658240                              {pd product} {ergonomic}
     bool SegmentedCodeCache                       = true                                      {product} {ergonomic}
   size_t SoftMaxHeapSize                          = 2147483648                             {manageable} {ergonomic}
     bool UseCompressedOops                        = true                           {product lp64_product} {ergonomic}
     bool UseLargePagesIndividualAllocation        = false                                  {pd product} {ergonomic}
     bool UseParallelGC                            = true                                      {product} {command line}

Logging:
Log output configuration:
 #0: stdout all=off uptime,level,tags foldmultilines=false
 #1: stderr all=off uptime,level,tags foldmultilines=false

Release file:
JAVA_VERSION="21.0.10" 
MODULES="java.base java.compiler java.datatransfer java.xml java.prefs java.desktop java.instrument java.logging java.management java.security.sasl java.naming java.rmi java.management.rmi java.net.http java.scripting java.security.jgss java.transaction.xa java.sql java.sql.rowset java.xml.crypto java.se java.smartcardio jdk.accessibility jdk.internal.jvmstat jdk.attach jdk.charsets jdk.internal.opt jdk.zipfs jdk.compiler jdk.crypto.ec jdk.crypto.cryptoki jdk.crypto.mscapi jdk.dynalink jdk.internal.ed jdk.editpad jdk.hotspot.agent jdk.httpserver jdk.internal.le jdk.internal.vm.ci jdk.internal.vm.compiler jdk.internal.vm.compiler.management jdk.jartool jdk.javadoc jdk.jcmd jdk.management jdk.management.agent jdk.jconsole jdk.jdeps jdk.jdwp.agent jdk.jdi jdk.jfr jdk.jshell jdk.jsobject jdk.jstatd jdk.localedata jdk.management.jfr jdk.naming.dns jdk.naming.rmi jdk.net jdk.nio.mapmode jdk.random jdk.sctp jdk.security.auth jdk.security.jgss jdk.unsupported jdk.unsupported.desktop jdk.xml.dom" 

Environment Variables:
JAVA_HOME=C:\Program Files\Java\jdk-25.0.2
PATH=C:\Program Files\Google\Chrome\Application;C:\Program Files\Common Files\Oracle\Java\javapath;C:\Users\caua.cm\AppData\Local\Programs\Python\Python314\Scripts\;C:\Users\caua.cm\AppData\Local\Programs\Python\Python314\;C:\WINDOWS\system32;C:\WINDOWS;C:\WINDOWS\System32\Wbem;C:\WINDOWS\System32\WindowsPowerShell\v1.0\;C:\WINDOWS\System32\OpenSSH\;C:\Program Files\Git\cmd;C:\Program Files\Neovim\bin;C:\Program Files\dotnet\;C:\Program Files\FFmpeg\bin;C:\Program Files\Docker\Docker\resources\bin;C:\Program Files\GitHub CLI\;C:\Program Files\Steel Bank Common Lisp\;C:\Program Files\nodejs\;C:\ProgramData\chocolatey\bin;C:\Program Files\Java\jdk-25.0.2\bin;C:\Program Files\Mercurial;C:\Users\caua.cm\AppData\Local\Microsoft\WindowsApps;C:\Users\caua.cm\AppData\Local\Programs\Microsoft VS Code\bin;C:\Users\caua.cm\AppData\Roaming\npm;C:\Users\caua.cm\AppData\Local\GitHubDesktop\bin;C:\Users\caua.cm\AppData\Local\Programs\Antigravity\bin
USERNAME=caua.cm
OS=Windows_NT
PROCESSOR_IDENTIFIER=Intel64 Family 6 Model 151 Stepping 5, GenuineIntel
TMP=C:\Users\caua.cm\AppData\Local\Temp
TEMP=C:\Users\caua.cm\AppData\Local\Temp




Periodic native trim disabled

---------------  S Y S T E M  ---------------

OS:
 Windows 11 , 64 bit Build 26100 (10.0.26100.8328)
OS uptime: 8 days 4:31 hours
Hyper-V role detected

CPU: total 12 (initial active 12) (6 cores per cpu, 2 threads per core) family 6 model 151 stepping 5 microcode 0x18, cx8, cmov, fxsr, ht, mmx, 3dnowpref, sse, sse2, sse3, ssse3, sse4.1, sse4.2, popcnt, lzcnt, tsc, tscinvbit, avx, avx2, aes, erms, clmul, bmi1, bmi2, adx, sha, fma, vzeroupper, clflush, clflushopt, clwb, hv, serialize, rdtscp, rdpid, fsrm, f16c, cet_ibt, cet_ss
Processor Information for the first 12 processors :
  Max Mhz: 1800, Current Mhz: 1800, Mhz Limit: 1800

Memory: 4k page, system-wide physical 15708M (1809M free)
TotalPageFile size 24835M (AvailPageFile size 1M)
current process WorkingSet (physical memory assigned to process): 289M, peak: 1823M
current process commit charge ("private bytes"): 1217M, peak: 1823M

vm_info: OpenJDK 64-Bit Server VM (21.0.10+7-LTS) for windows-amd64 JRE (21.0.10+7-LTS), built on 2026-01-20T00:00:00Z by "admin" with MS VC++ 17.12 (VS2022)

END.
